<?xml version="1.0" encoding="UTF-8"?>
<!-- Generated by org.testng.reporters.JUnitXMLReporter -->
<testsuite ignored="0" hostname="HemaSri" failures="1" tests="2" name="Surefire test" time="13.194" errors="0" timestamp="2026-07-08T20:21:50 IST">
  <testcase classname="io.cucumber.testng.AbstractTestNGCucumberTests" name="runScenario" time="5.835">
    <failure type="java.lang.AssertionError" message="expected [] but found [Incorrect email or password.]">
      <![CDATA[java.lang.AssertionError: expected [] but found [Incorrect email or password.]
at Selenium_Project.StepDefinitions.StepDefinitionImplementation.loginPageErrorDisplay(StepDefinitionImplementation.java:66)
at ✽."Incorrect email or password." Error Message Should display(file:///C:/Users/HP/eclipse-workspace/FrameworkDesign/src/test/java/cucumber/LoginPageErrorValidation.feature:8)
... Removed 6 stack frames]]>
    </failure>
  </testcase> <!-- runScenario -->
  <testcase classname="io.cucumber.testng.AbstractTestNGCucumberTests" name="runScenario" time="6.862"/>
</testsuite> <!-- Surefire test -->
