<?xml version="1.0" encoding="UTF-8"?>
<!-- Generated by org.testng.reporters.JUnitXMLReporter -->
<testsuite ignored="0" hostname="HemaSri" failures="1" tests="2" name="ErrorValidation" time="10.925" errors="0" timestamp="2026-07-07T18:01:15 IST">
  <testcase classname="Selenium_Project.Tests.ErrorValidations" name="ProductErrorValidation" time="4.643"/>
  <testcase classname="Selenium_Project.Tests.ErrorValidations" name="submitOrder" time="0.291">
    <failure type="java.lang.AssertionError" message="expected [ Incorrect email or password.] but found []">
      <![CDATA[java.lang.AssertionError: expected [ Incorrect email or password.] but found []
at Selenium_Project.Tests.ErrorValidations.submitOrder(ErrorValidations.java:28)
at java.base/java.util.ArrayList.forEach(ArrayList.java:1604)
... Removed 31 stack frames]]>
    </failure>
  </testcase> <!-- submitOrder -->
</testsuite> <!-- ErrorValidation -->
