<?xml version="1.0" encoding="UTF-8"?>
<!-- Generated by org.testng.reporters.JUnitXMLReporter -->
<testsuite ignored="0" hostname="HemaSri" failures="0" tests="3" name="SubmitOrder" time="16.587" errors="0" timestamp="2026-07-07T18:03:00 IST">
  <testcase classname="Selenium_Project.Tests.SubmitOrderTest" name="submitOrder" time="4.906"/>
  <testcase classname="Selenium_Project.Tests.SubmitOrderTest" name="submitOrder" time="4.589"/>
  <testcase classname="Selenium_Project.Tests.SubmitOrderTest" name="getProductDisplay" time="0.709"/>
</testsuite> <!-- SubmitOrder -->
