<?xml version="1.0" encoding="UTF-8"?>
<!-- Generated by org.testng.reporters.JUnitXMLReporter -->
<testsuite ignored="0" hostname="HemaSri" failures="1" tests="2" name="ErrorValidation" time="11.285" errors="0" timestamp="2026-07-07T18:28:13 IST">
  <testcase classname="Selenium_Project.Tests.ErrorValidations" name="ProductErrorValidation" time="5.488"/>
  <testcase classname="Selenium_Project.Tests.ErrorValidations" name="submitOrder" time="0.297">
    <failure type="java.lang.AssertionError" message="expected [Incorrect email or password.] but found []">
      <![CDATA[java.lang.AssertionError: expected [Incorrect email or password.] but found []
at Selenium_Project.Tests.ErrorValidations.submitOrder(ErrorValidations.java:28)
at java.base/java.util.ArrayList.forEach(ArrayList.java:1604)
at java.base/java.util.concurrent.FutureTask.run(FutureTask.java:328)
at java.base/java.util.concurrent.ThreadPoolExecutor.runWorker(ThreadPoolExecutor.java:1090)
at java.base/java.util.concurrent.ThreadPoolExecutor$Worker.run(ThreadPoolExecutor.java:614)
at java.base/java.lang.Thread.run(Thread.java:1474)
... Removed 21 stack frames]]>
    </failure>
  </testcase> <!-- submitOrder -->
</testsuite> <!-- ErrorValidation -->
