<?xml version="1.0" encoding="UTF-8"?>
<!-- Generated by org.testng.reporters.JUnitXMLReporter -->
<testsuite ignored="0" hostname="HemaSri" failures="0" tests="3" name="SubmitOrder" time="20.844" errors="0" timestamp="2026-07-07T18:28:23 IST">
  <testcase classname="Selenium_Project.Tests.SubmitOrderTest" name="submitOrder" time="5.32"/>
  <testcase classname="Selenium_Project.Tests.SubmitOrderTest" name="submitOrder" time="5.144"/>
  <testcase classname="Selenium_Project.Tests.SubmitOrderTest" name="getProductDisplay" time="0.718"/>
</testsuite> <!-- SubmitOrder -->
