-------------------------------------------------------------------------------
Test set: cucumber.TestNGTestRunner
-------------------------------------------------------------------------------
Tests run: 2, Failures: 1, Errors: 0, Skipped: 0, Time elapsed: 13.58 s <<< FAILURE! -- in cucumber.TestNGTestRunner
cucumber.TestNGTestRunner.runScenario["Validate the Logi Page Errors", "Error Validations"](1) -- Time elapsed: 5.839 s <<< FAILURE!
java.lang.AssertionError: expected [] but found [Incorrect email or password.]
	at org.testng.Assert.fail(Assert.java:111)
	at org.testng.Assert.failNotEquals(Assert.java:1590)
	at org.testng.Assert.assertEqualsImpl(Assert.java:150)
	at org.testng.Assert.assertEquals(Assert.java:132)
	at org.testng.Assert.assertEquals(Assert.java:656)
	at org.testng.Assert.assertEquals(Assert.java:666)
	at Selenium_Project.StepDefinitions.StepDefinitionImplementation.loginPageErrorDisplay(StepDefinitionImplementation.java:66)
	at ✽."Incorrect email or password." Error Message Should display(file:///C:/Users/HP/eclipse-workspace/FrameworkDesign/src/test/java/cucumber/LoginPageErrorValidation.feature:8)

