<?xml version="1.0" encoding="UTF-8"?>
<testng-results ignored="0" total="2" passed="1" failed="1" skipped="0">
  <reporter-output>
  </reporter-output>
  <suite started-at="2026-07-08T20:21:37 IST" name="Surefire suite" finished-at="2026-07-08T20:21:50 IST" duration-ms="13194">
    <groups>
      <group name="cucumber">
        <method signature="AbstractTestNGCucumberTests.runScenario(io.cucumber.testng.PickleWrapper,io.cucumber.testng.FeatureWrapper)[pri:0, instance:cucumber.TestNGTestRunner@3c72f59f]" name="runScenario" class="io.cucumber.testng.AbstractTestNGCucumberTests"/>
      </group> <!-- cucumber -->
    </groups>
    <test started-at="2026-07-08T20:21:37 IST" name="Surefire test" finished-at="2026-07-08T20:21:50 IST" duration-ms="13194">
      <class name="cucumber.TestNGTestRunner">
        <test-method is-config="true" signature="setUpClass(org.testng.ITestContext)[pri:0, instance:cucumber.TestNGTestRunner@3c72f59f]" started-at="2026-07-08T20:21:37 IST" name="setUpClass" finished-at="2026-07-08T20:21:37 IST" duration-ms="427" status="PASS">
          <params>
            <param index="0">
              <value>
                <![CDATA[org.testng.TestRunner@446626a7]]>
              </value>
            </param>
          </params>
          <reporter-output>
          </reporter-output>
        </test-method> <!-- setUpClass -->
        <test-method signature="runScenario(io.cucumber.testng.PickleWrapper,io.cucumber.testng.FeatureWrapper)[pri:0, instance:cucumber.TestNGTestRunner@3c72f59f]" started-at="2026-07-08T20:21:37 IST" name="runScenario" description="Runs Cucumber Scenarios" data-provider="scenarios" finished-at="2026-07-08T20:21:43 IST" duration-ms="5835" status="FAIL">
          <params>
            <param index="0">
              <value>
                <![CDATA["Validate the Logi Page Errors"]]>
              </value>
            </param>
            <param index="1">
              <value>
                <![CDATA["Error Validations"]]>
              </value>
            </param>
          </params>
          <exception class="java.lang.AssertionError">
            <message>
              <![CDATA[expected [] but found [Incorrect email or password.]]]>
            </message>
            <full-stacktrace>
              <![CDATA[java.lang.AssertionError: expected [] but found [Incorrect email or password.]
at org.testng.Assert.fail(Assert.java:111)
at org.testng.Assert.failNotEquals(Assert.java:1590)
at org.testng.Assert.assertEqualsImpl(Assert.java:150)
at org.testng.Assert.assertEquals(Assert.java:132)
at org.testng.Assert.assertEquals(Assert.java:656)
at org.testng.Assert.assertEquals(Assert.java:666)
at Selenium_Project.StepDefinitions.StepDefinitionImplementation.loginPageErrorDisplay(StepDefinitionImplementation.java:66)
at ✽."Incorrect email or password." Error Message Should display(file:///C:/Users/HP/eclipse-workspace/FrameworkDesign/src/test/java/cucumber/LoginPageErrorValidation.feature:8)
]]>
            </full-stacktrace>
          </exception> <!-- java.lang.AssertionError -->
          <reporter-output>
          </reporter-output>
        </test-method> <!-- runScenario -->
        <test-method signature="runScenario(io.cucumber.testng.PickleWrapper,io.cucumber.testng.FeatureWrapper)[pri:0, instance:cucumber.TestNGTestRunner@3c72f59f]" started-at="2026-07-08T20:21:43 IST" name="runScenario" description="Runs Cucumber Scenarios" data-provider="scenarios" finished-at="2026-07-08T20:21:50 IST" duration-ms="6862" status="PASS">
          <params>
            <param index="0">
              <value>
                <![CDATA["Positive test of Submitting the order"]]>
              </value>
            </param>
            <param index="1">
              <value>
                <![CDATA["purchase order from Ecommerce website"]]>
              </value>
            </param>
          </params>
          <reporter-output>
          </reporter-output>
        </test-method> <!-- runScenario -->
        <test-method is-config="true" signature="tearDownClass()[pri:0, instance:cucumber.TestNGTestRunner@3c72f59f]" started-at="2026-07-08T20:21:50 IST" name="tearDownClass" finished-at="2026-07-08T20:21:50 IST" duration-ms="25" status="PASS">
          <reporter-output>
          </reporter-output>
        </test-method> <!-- tearDownClass -->
      </class> <!-- cucumber.TestNGTestRunner -->
    </test> <!-- Surefire test -->
  </suite> <!-- Surefire suite -->
</testng-results>
