<?xml version="1.0" encoding="UTF-8"?>
<!-- Generated by org.testng.reporters.JUnitReportReporter -->
<testsuite hostname="HemaSri" failures="0" tests="3" name="Selenium_Project.Tests.SubmitOrderTest" time="16.354" errors="0" timestamp="2026-07-07T18:03:01 IST" skipped="0">
  <testcase classname="Selenium_Project.Tests.SubmitOrderTest" name="getProductDisplay" time="3.226"/>
  <testcase classname="Selenium_Project.Tests.SubmitOrderTest" name="submitOrder" time="6.726"/>
  <testcase classname="Selenium_Project.Tests.SubmitOrderTest" name="submitOrder" time="6.402"/>
</testsuite> <!-- Selenium_Project.Tests.SubmitOrderTest -->
