<?xml version="1.0" encoding="UTF-8"?>
<!-- Generated by org.testng.reporters.JUnitReportReporter -->
<testsuite hostname="HemaSri" failures="0" tests="3" name="Selenium_Project.Tests.SubmitOrderTest" time="20.628" errors="0" timestamp="2026-07-07T18:28:23 IST" skipped="0">
  <testcase classname="Selenium_Project.Tests.SubmitOrderTest" name="submitOrder" time="8.750"/>
  <testcase classname="Selenium_Project.Tests.SubmitOrderTest" name="getProductDisplay" time="2.807"/>
  <testcase classname="Selenium_Project.Tests.SubmitOrderTest" name="submitOrder" time="9.071"/>
</testsuite> <!-- Selenium_Project.Tests.SubmitOrderTest -->
