<?xml version="1.0" encoding="UTF-8"?>
<!-- Generated by org.testng.reporters.JUnitReportReporter -->
<testsuite hostname="HemaSri" failures="1" tests="2" name="cucumber.TestNGTestRunner" time="12.697" errors="0" timestamp="2026-07-08T20:21:50 IST" skipped="0">
  <testcase classname="cucumber.TestNGTestRunner" name="runScenario" time="5.835">
    <failure message="expected [] but found [Incorrect email or password.]" type="java.lang.AssertionError">
      <![CDATA[java.lang.AssertionError: expected [] but found [Incorrect email or password.]
at org.testng.Assert.fail(Assert.java:111)
at org.testng.Assert.failNotEquals(Assert.java:1590)
at org.testng.Assert.assertEqualsImpl(Assert.java:150)
at org.testng.Assert.assertEquals(Assert.java:132)
at org.testng.Assert.assertEquals(Assert.java:656)
at org.testng.Assert.assertEquals(Assert.java:666)
at Selenium_Project.StepDefinitions.StepDefinitionImplementation.loginPageErrorDisplay(StepDefinitionImplementation.java:66)
at ✽."Incorrect email or password." Error Message Should display(file:///C:/Users/HP/eclipse-workspace/FrameworkDesign/src/test/java/cucumber/LoginPageErrorValidation.feature:8)
]]>
    </failure>
  </testcase> <!-- runScenario -->
  <testcase classname="cucumber.TestNGTestRunner" name="runScenario" time="6.862"/>
</testsuite> <!-- cucumber.TestNGTestRunner -->
